
Experiment plan:
  Total:   60
  Done:    10 (skipping)
  Pending: 50
  Workers: 4

2026-04-12 00:58:51,359 INFO HTTP Request: POST https://api.telegram.org/bot8537062091:AAELThmGGbEKHCCzP0T2vfKjc0IWVwRBxSU/sendMessage "HTTP/1.1 200 OK"
2026-04-12 00:58:51,376 INFO START  ifbench/synaptic_pruning/seed=1024
2026-04-12 00:58:51,376 INFO START  ifbench/tournament/seed=123
2026-04-12 00:58:51,377 INFO START  ifbench/tournament/seed=456
2026-04-12 00:58:51,377 INFO START  ifbench/tournament/seed=789
2026-04-12 01:49:41,678 INFO DONE   ifbench/synaptic_pruning/seed=1024 (3050s) score=0.06105555555555556
2026-04-12 01:49:41,679 INFO START  ifbench/tournament/seed=1024
2026-04-12 01:49:41,680 INFO [1/50] ifbench/synaptic_pruning/seed=1024 -> 6.1% (3050s)
2026-04-12 01:49:42,365 INFO HTTP Request: POST https://api.telegram.org/bot8537062091:AAELThmGGbEKHCCzP0T2vfKjc0IWVwRBxSU/sendMessage "HTTP/1.1 200 OK"
2026-04-12 04:01:01,660 INFO DONE   ifbench/tournament/seed=789 (10930s) score=0.06727777777777778
2026-04-12 04:01:01,661 INFO START  ifbench/gepa/seed=42
2026-04-12 04:01:01,662 INFO [2/50] ifbench/tournament/seed=789 -> 6.7% (10930s)
2026-04-12 04:01:02,335 INFO HTTP Request: POST https://api.telegram.org/bot8537062091:AAELThmGGbEKHCCzP0T2vfKjc0IWVwRBxSU/sendMessage "HTTP/1.1 200 OK"
2026-04-12 04:05:48,088 INFO DONE   ifbench/tournament/seed=456 (11217s) score=0.064
2026-04-12 04:05:48,088 INFO START  ifbench/gepa/seed=123
2026-04-12 04:05:48,089 INFO [3/50] ifbench/tournament/seed=456 -> 6.4% (11217s)
2026-04-12 04:12:56,575 INFO DONE   ifbench/tournament/seed=123 (11645s) score=0.07072222222222221
2026-04-12 04:12:56,575 INFO START  ifbench/gepa/seed=456
2026-04-12 04:12:56,576 INFO [4/50] ifbench/tournament/seed=123 -> 7.1% (11645s)
2026-04-12 05:13:13,867 INFO DONE   ifbench/tournament/seed=1024 (12212s) score=0.06633333333333333
2026-04-12 05:13:13,868 INFO START  ifbench/gepa/seed=789
2026-04-12 05:13:13,868 INFO [5/50] ifbench/tournament/seed=1024 -> 6.6% (12212s)
2026-04-12 05:13:14,550 INFO HTTP Request: POST https://api.telegram.org/bot8537062091:AAELThmGGbEKHCCzP0T2vfKjc0IWVwRBxSU/sendMessage "HTTP/1.1 200 OK"
2026-04-12 10:49:47,041 INFO DONE   ifbench/gepa/seed=42 (24525s) score=0.08372222222222223
2026-04-12 10:49:47,042 INFO START  ifbench/gepa/seed=1024
2026-04-12 10:49:47,043 INFO [6/50] ifbench/gepa/seed=42 -> 8.4% (24525s)
2026-04-12 10:49:47,738 INFO HTTP Request: POST https://api.telegram.org/bot8537062091:AAELThmGGbEKHCCzP0T2vfKjc0IWVwRBxSU/sendMessage "HTTP/1.1 200 OK"
2026-04-12 10:59:38,586 INFO DONE   ifbench/gepa/seed=123 (24830s) score=0.15877777777777777
2026-04-12 10:59:38,587 INFO START  ifbench/contrastive_reflection/seed=42
2026-04-12 10:59:38,588 INFO [7/50] ifbench/gepa/seed=123 -> 15.9% (24830s)
2026-04-12 12:08:15,870 INFO DONE   ifbench/gepa/seed=789 (24902s) score=0.07227777777777777
2026-04-12 12:08:15,871 INFO START  ifbench/contrastive_reflection/seed=123
2026-04-12 12:08:15,871 INFO [8/50] ifbench/gepa/seed=789 -> 7.2% (24902s)
2026-04-12 12:08:16,561 INFO HTTP Request: POST https://api.telegram.org/bot8537062091:AAELThmGGbEKHCCzP0T2vfKjc0IWVwRBxSU/sendMessage "HTTP/1.1 200 OK"
2026-04-12 12:25:51,954 INFO DONE   ifbench/gepa/seed=456 (29575s) score=0.08611111111111111
2026-04-12 12:25:51,955 INFO START  ifbench/contrastive_reflection/seed=456
2026-04-12 12:25:51,956 INFO [9/50] ifbench/gepa/seed=456 -> 8.6% (29575s)
2026-04-12 18:30:13,580 INFO DONE   ifbench/contrastive_reflection/seed=42 (27035s) score=0.06633333333333333
2026-04-12 18:30:13,581 INFO START  ifbench/contrastive_reflection/seed=789
2026-04-12 18:30:13,582 INFO [10/50] ifbench/contrastive_reflection/seed=42 -> 6.6% (27035s)
2026-04-12 18:30:14,311 INFO HTTP Request: POST https://api.telegram.org/bot8537062091:AAELThmGGbEKHCCzP0T2vfKjc0IWVwRBxSU/sendMessage "HTTP/1.1 200 OK"
2026-04-12 19:45:58,809 INFO DONE   ifbench/gepa/seed=1024 (32172s) score=0.08227777777777778
2026-04-12 19:45:58,810 INFO START  ifbench/contrastive_reflection/seed=1024
2026-04-12 19:45:58,811 INFO [11/50] ifbench/gepa/seed=1024 -> 8.2% (32172s)
2026-04-12 19:45:59,532 INFO HTTP Request: POST https://api.telegram.org/bot8537062091:AAELThmGGbEKHCCzP0T2vfKjc0IWVwRBxSU/sendMessage "HTTP/1.1 200 OK"
2026-04-12 20:14:54,884 INFO DONE   ifbench/contrastive_reflection/seed=123 (29199s) score=0.063
2026-04-12 20:14:54,885 INFO START  ifbench/best_of_k_K3/seed=42
2026-04-12 20:14:54,886 INFO [12/50] ifbench/contrastive_reflection/seed=123 -> 6.3% (29199s)
2026-04-12 21:37:21,693 INFO DONE   ifbench/contrastive_reflection/seed=456 (33090s) score=0.0825
2026-04-12 21:37:21,694 INFO START  ifbench/best_of_k_K3/seed=123
